#! /c/Source/iverilog-install/bin/vvp
:ivl_version "12.0 (devel)" "(s20150603-1110-g18392a46)";
:ivl_delay_selection "TYPICAL";
:vpi_time_precision - 12;
:vpi_module "C:\iverilog\lib\ivl\system.vpi";
:vpi_module "C:\iverilog\lib\ivl\vhdl_sys.vpi";
:vpi_module "C:\iverilog\lib\ivl\vhdl_textio.vpi";
:vpi_module "C:\iverilog\lib\ivl\v2005_math.vpi";
:vpi_module "C:\iverilog\lib\ivl\va_math.vpi";
:vpi_module "C:\iverilog\lib\ivl\v2009.vpi";
S_00000249eaaa4c80 .scope package, "$unit" "$unit" 2 1;
 .timescale 0 0;
S_00000249eaa69860 .scope module, "tb_adsr_filter" "tb_adsr_filter" 3 3;
 .timescale -9 -12;
P_00000249eaaa4e10 .param/l "BITS" 1 3 8, +C4<00000000000000000000000000001000>;
P_00000249eaaa4e48 .param/l "CLK_PERIOD" 1 3 6, +C4<00000000000000000000000000010100>;
P_00000249eaaa4e80 .param/l "N_PIX" 1 3 7, +C4<00000000000000000000000000001000>;
v00000249eaafc9c0_0 .array/port v00000249eaafc9c0, 0;
L_00000249eab678f0 .functor BUFZ 8, v00000249eaafc9c0_0, C4<00000000>, C4<00000000>, C4<00000000>;
v00000249eaafc9c0_1 .array/port v00000249eaafc9c0, 1;
L_00000249eab677a0 .functor BUFZ 8, v00000249eaafc9c0_1, C4<00000000>, C4<00000000>, C4<00000000>;
v00000249eaafc9c0_2 .array/port v00000249eaafc9c0, 2;
L_00000249eab67030 .functor BUFZ 8, v00000249eaafc9c0_2, C4<00000000>, C4<00000000>, C4<00000000>;
v00000249eaafc9c0_3 .array/port v00000249eaafc9c0, 3;
L_00000249eab67ce0 .functor BUFZ 8, v00000249eaafc9c0_3, C4<00000000>, C4<00000000>, C4<00000000>;
v00000249eaafc9c0_4 .array/port v00000249eaafc9c0, 4;
L_00000249eab679d0 .functor BUFZ 8, v00000249eaafc9c0_4, C4<00000000>, C4<00000000>, C4<00000000>;
v00000249eaafc9c0_5 .array/port v00000249eaafc9c0, 5;
L_00000249eab67110 .functor BUFZ 8, v00000249eaafc9c0_5, C4<00000000>, C4<00000000>, C4<00000000>;
v00000249eaafc9c0_6 .array/port v00000249eaafc9c0, 6;
L_00000249eab673b0 .functor BUFZ 8, v00000249eaafc9c0_6, C4<00000000>, C4<00000000>, C4<00000000>;
v00000249eaafc9c0_7 .array/port v00000249eaafc9c0, 7;
L_00000249eab67dc0 .functor BUFZ 8, v00000249eaafc9c0_7, C4<00000000>, C4<00000000>, C4<00000000>;
v00000249eaafde60_0 .array/port v00000249eaafde60, 0;
L_00000249eab66f50 .functor BUFZ 8, v00000249eaafde60_0, C4<00000000>, C4<00000000>, C4<00000000>;
v00000249eaafde60_1 .array/port v00000249eaafde60, 1;
L_00000249eab67960 .functor BUFZ 8, v00000249eaafde60_1, C4<00000000>, C4<00000000>, C4<00000000>;
v00000249eaafde60_2 .array/port v00000249eaafde60, 2;
L_00000249eab67880 .functor BUFZ 8, v00000249eaafde60_2, C4<00000000>, C4<00000000>, C4<00000000>;
v00000249eaafde60_3 .array/port v00000249eaafde60, 3;
L_00000249eab67c70 .functor BUFZ 8, v00000249eaafde60_3, C4<00000000>, C4<00000000>, C4<00000000>;
v00000249eaafde60_4 .array/port v00000249eaafde60, 4;
L_00000249eab670a0 .functor BUFZ 8, v00000249eaafde60_4, C4<00000000>, C4<00000000>, C4<00000000>;
v00000249eaafde60_5 .array/port v00000249eaafde60, 5;
L_00000249eab67420 .functor BUFZ 8, v00000249eaafde60_5, C4<00000000>, C4<00000000>, C4<00000000>;
v00000249eaafde60_6 .array/port v00000249eaafde60, 6;
L_00000249eab671f0 .functor BUFZ 8, v00000249eaafde60_6, C4<00000000>, C4<00000000>, C4<00000000>;
v00000249eaafde60_7 .array/port v00000249eaafde60, 7;
L_00000249eab676c0 .functor BUFZ 8, v00000249eaafde60_7, C4<00000000>, C4<00000000>, C4<00000000>;
v00000249eaafdb40_0 .array/port v00000249eaafdb40, 0;
L_00000249eab67c00 .functor BUFZ 10, v00000249eaafdb40_0, C4<0000000000>, C4<0000000000>, C4<0000000000>;
v00000249eaafdb40_1 .array/port v00000249eaafdb40, 1;
L_00000249eab66fc0 .functor BUFZ 10, v00000249eaafdb40_1, C4<0000000000>, C4<0000000000>, C4<0000000000>;
v00000249eaafdb40_2 .array/port v00000249eaafdb40, 2;
L_00000249eab67490 .functor BUFZ 10, v00000249eaafdb40_2, C4<0000000000>, C4<0000000000>, C4<0000000000>;
v00000249eaafdb40_3 .array/port v00000249eaafdb40, 3;
L_00000249eab67180 .functor BUFZ 10, v00000249eaafdb40_3, C4<0000000000>, C4<0000000000>, C4<0000000000>;
v00000249eaafdb40_4 .array/port v00000249eaafdb40, 4;
L_00000249eab67a40 .functor BUFZ 10, v00000249eaafdb40_4, C4<0000000000>, C4<0000000000>, C4<0000000000>;
v00000249eaafdb40_5 .array/port v00000249eaafdb40, 5;
L_00000249eab67500 .functor BUFZ 10, v00000249eaafdb40_5, C4<0000000000>, C4<0000000000>, C4<0000000000>;
v00000249eaafdb40_6 .array/port v00000249eaafdb40, 6;
L_00000249eab67ab0 .functor BUFZ 10, v00000249eaafdb40_6, C4<0000000000>, C4<0000000000>, C4<0000000000>;
v00000249eaafdb40_7 .array/port v00000249eaafdb40, 7;
L_00000249eab67b20 .functor BUFZ 10, v00000249eaafdb40_7, C4<0000000000>, C4<0000000000>, C4<0000000000>;
v00000249eab0e8c0_0 .array/port v00000249eab0e8c0, 0;
L_00000249eab67b90 .functor BUFZ 8, v00000249eab0e8c0_0, C4<00000000>, C4<00000000>, C4<00000000>;
v00000249eab0e8c0_1 .array/port v00000249eab0e8c0, 1;
L_00000249eab66ee0 .functor BUFZ 8, v00000249eab0e8c0_1, C4<00000000>, C4<00000000>, C4<00000000>;
v00000249eab0e8c0_2 .array/port v00000249eab0e8c0, 2;
L_00000249eab67260 .functor BUFZ 8, v00000249eab0e8c0_2, C4<00000000>, C4<00000000>, C4<00000000>;
v00000249eab0e8c0_3 .array/port v00000249eab0e8c0, 3;
L_00000249eab672d0 .functor BUFZ 8, v00000249eab0e8c0_3, C4<00000000>, C4<00000000>, C4<00000000>;
v00000249eab0e8c0_4 .array/port v00000249eab0e8c0, 4;
L_00000249eab67340 .functor BUFZ 8, v00000249eab0e8c0_4, C4<00000000>, C4<00000000>, C4<00000000>;
v00000249eab0e8c0_5 .array/port v00000249eab0e8c0, 5;
L_00000249eab67810 .functor BUFZ 8, v00000249eab0e8c0_5, C4<00000000>, C4<00000000>, C4<00000000>;
v00000249eab0e8c0_6 .array/port v00000249eab0e8c0, 6;
L_00000249eab67570 .functor BUFZ 8, v00000249eab0e8c0_6, C4<00000000>, C4<00000000>, C4<00000000>;
v00000249eab0e8c0_7 .array/port v00000249eab0e8c0, 7;
L_00000249eab675e0 .functor BUFZ 8, v00000249eab0e8c0_7, C4<00000000>, C4<00000000>, C4<00000000>;
v00000249eaafd6e0_0 .var "BPM_estimate", 7 0;
v00000249eaafcc40_0 .net "bpm_brightness_gain", 7 0, L_00000249eaafc600;  1 drivers
v00000249eaafddc0_0 .net "bpm_brightness_mult", 23 0, L_00000249eaafc4c0;  1 drivers
v00000249eaafcec0 .array "brightness_gain", 0 7, 7 0;
v00000249eaafcce0_0 .var "clk", 0 0;
v00000249eaafc240_0 .net "env_brightness_gain", 7 0, v00000249eab0d060_0;  1 drivers
v00000249eaafdf00_0 .var "filter_enable", 0 0;
v00000249eaafcd80_0 .var "filter_mode", 0 0;
v00000249eaafcf60_0 .net "module_ready", 0 0, L_00000249eaa798e0;  1 drivers
v00000249eaafc560_0 .var "output_ready", 0 0;
v00000249eaafc9c0 .array "pix_in", 0 7, 7 0;
v00000249eaafd3c0 .array "pix_out", 0 7, 7 0;
v00000249eaafdb40 .array "pixel_x", 0 7, 9 0;
v00000249eaafd820_0 .var "pixel_y", 8 0;
v00000249eaafd8c0_0 .var "pulse_amplitude", 7 0;
v00000249eaafc420_0 .var "reset", 0 0;
v00000249eaafc060_0 .var "valid_in", 0 0;
v00000249eaafc1a0_0 .net "valid_out", 0 0, L_00000249eaa7a210;  1 drivers
S_00000249eaa699f0 .scope begin, "$ivl_for_loop3" "$ivl_for_loop3" 3 76, 3 76 0, S_00000249eaa69860;
 .timescale -9 -12;
v00000249eaa8b740_0 .var/2s "i", 31 0;
S_00000249eaa69b80 .scope begin, "$ivl_for_loop4" "$ivl_for_loop4" 3 108, 3 108 0, S_00000249eaa69860;
 .timescale -9 -12;
v00000249eaa8b060_0 .var/2s "i", 31 0;
S_00000249eaa12ce0 .scope begin, "$ivl_for_loop5" "$ivl_for_loop5" 3 114, 3 114 0, S_00000249eaa69860;
 .timescale -9 -12;
v00000249eaa8bba0_0 .var/2s "i", 31 0;
S_00000249eaa12e70 .scope begin, "$ivl_for_loop6" "$ivl_for_loop6" 3 120, 3 120 0, S_00000249eaa69860;
 .timescale -9 -12;
v00000249eaa8b1a0_0 .var/2s "i", 31 0;
S_00000249eaa13000 .scope begin, "$ivl_for_loop7" "$ivl_for_loop7" 3 126, 3 126 0, S_00000249eaa69860;
 .timescale -9 -12;
v00000249eaa8b9c0_0 .var/2s "i", 31 0;
S_00000249eab0c0a0 .scope begin, "$ivl_for_loop8" "$ivl_for_loop8" 3 131, 3 131 0, S_00000249eaa69860;
 .timescale -9 -12;
v00000249eaa8b2e0_0 .var/2s "i", 31 0;
S_00000249eab0c230 .scope module, "dut" "adsr_filter" 3 29, 4 1 0, S_00000249eaa69860;
 .timescale 0 0;
    .port_info 0 /INPUT 1 "clk";
    .port_info 1 /INPUT 1 "reset";
    .port_info 2 /INPUT 64 "pix_in";
    .port_info 3 /INPUT 1 "valid_in";
    .port_info 4 /INPUT 1 "output_ready";
    .port_info 5 /OUTPUT 1 "module_ready";
    .port_info 6 /OUTPUT 64 "pix_out";
    .port_info 7 /OUTPUT 1 "valid_out";
    .port_info 8 /INPUT 80 "pixel_x";
    .port_info 9 /INPUT 9 "pixel_y";
    .port_info 10 /INPUT 1 "filter_enable";
    .port_info 11 /INPUT 1 "filter_mode";
    .port_info 12 /INPUT 8 "BPM_estimate";
    .port_info 13 /INPUT 8 "pulse_amplitude";
    .port_info 14 /OUTPUT 8 "bpm_brightness_gain";
    .port_info 15 /OUTPUT 8 "env_brightness_gain";
    .port_info 16 /OUTPUT 24 "bpm_brightness_mult";
    .port_info 17 /OUTPUT 64 "brightness_gain";
P_00000249eab0c3c0 .param/l "ATTACK" 0 4 2, +C4<00000000000000000000000100000000>;
P_00000249eab0c3f8 .param/l "BITS" 0 4 4, +C4<00000000000000000000000000001000>;
P_00000249eab0c430 .param/l "DECAY" 0 4 2, +C4<00000000000000000000000100000000>;
P_00000249eab0c468 .param/l "IMAGE_HEIGHT" 0 4 5, +C4<00000000000000000000000111100000>;
P_00000249eab0c4a0 .param/l "IMAGE_WIDTH" 0 4 5, +C4<00000000000000000000001010000000>;
P_00000249eab0c4d8 .param/l "MAX_BPM" 0 4 3, +C4<00000000000000000000000011001000>;
P_00000249eab0c510 .param/l "MIN_BPM" 0 4 3, +C4<00000000000000000000000000101000>;
P_00000249eab0c548 .param/l "N_PIX" 0 4 6, +C4<00000000000000000000000000001000>;
P_00000249eab0c580 .param/l "RELEASE" 0 4 2, +C4<00000000000000000000000100000000>;
P_00000249eab0c5b8 .param/l "STEP_SIZE" 0 4 7, +C4<00000000000000000000000101000111>;
P_00000249eab0c5f0 .param/l "SUSTAIN" 0 4 2, +C4<00000000000000000000000100000000>;
P_00000249eab0c628 .param/l "TICK_DIV" 1 4 123, +C4<00000000000000110000110101000000>;
enum00000249eaa748d0 .enum4 (3)
   "S_IDLE" 3'b000,
   "S_ATTACK" 3'b001,
   "S_DECAY" 3'b010,
   "S_SUSTAIN" 3'b011,
   "S_RELEASE" 3'b100
 ;
L_00000249eaa798e0 .functor BUFZ 1, v00000249eaafc560_0, C4<0>, C4<0>, C4<0>;
L_00000249eaa79b80 .functor AND 1, L_00000249eaa798e0, v00000249eaafc060_0, C4<1>, C4<1>;
L_00000249eaa7a210 .functor AND 1, L_00000249eaa79b80, v00000249eaafdf00_0, C4<1>, C4<1>;
v00000249eab0cd40_0 .net "BPM_estimate", 7 0, v00000249eaafd6e0_0;  1 drivers
L_00000249eab0ee78 .functor BUFT 1, C4<0>, C4<0>, C4<0>, C4<0>;
v00000249eab0e0a0_0 .net *"_ivl_10", 0 0, L_00000249eab0ee78;  1 drivers
v00000249eab0dc40_0 .net *"_ivl_12", 31 0, L_00000249eaafc100;  1 drivers
L_00000249eab0eec0 .functor BUFT 1, C4<000000000000000000000000>, C4<0>, C4<0>, C4<0>;
v00000249eab0dce0_0 .net *"_ivl_15", 23 0, L_00000249eab0eec0;  1 drivers
v00000249eab0db00_0 .net *"_ivl_16", 31 0, L_00000249eaafc2e0;  1 drivers
L_00000249eab0ef08 .functor BUFT 1, C4<000000000000000000000000>, C4<0>, C4<0>, C4<0>;
v00000249eab0ce80_0 .net *"_ivl_19", 23 0, L_00000249eab0ef08;  1 drivers
v00000249eab0e500_0 .net *"_ivl_22", 31 0, L_00000249eaafd0a0;  1 drivers
L_00000249eab0ef50 .functor BUFT 1, C4<000000000000000000000000>, C4<0>, C4<0>, C4<0>;
v00000249eab0e140_0 .net *"_ivl_25", 23 0, L_00000249eab0ef50;  1 drivers
L_00000249eab0ef98 .functor BUFT 1, C4<00000000000000000000000101000111>, C4<0>, C4<0>, C4<0>;
v00000249eab0d560_0 .net/2u *"_ivl_26", 31 0, L_00000249eab0ef98;  1 drivers
v00000249eab0e640_0 .net *"_ivl_29", 31 0, L_00000249eaafdbe0;  1 drivers
v00000249eab0cf20_0 .net *"_ivl_3", 0 0, L_00000249eaa79b80;  1 drivers
v00000249eab0eaa0_0 .net *"_ivl_30", 31 0, L_00000249eaafdc80;  1 drivers
v00000249eab0d880_0 .net *"_ivl_32", 23 0, L_00000249eaafda00;  1 drivers
L_00000249eab0efe0 .functor BUFT 1, C4<00000000>, C4<0>, C4<0>, C4<0>;
v00000249eab0d7e0_0 .net *"_ivl_34", 7 0, L_00000249eab0efe0;  1 drivers
v00000249eab0e6e0_0 .net *"_ivl_38", 31 0, L_00000249eaafd780;  1 drivers
L_00000249eab0f028 .functor BUFT 1, C4<00000000>, C4<0>, C4<0>, C4<0>;
v00000249eab0d380_0 .net *"_ivl_41", 7 0, L_00000249eab0f028;  1 drivers
L_00000249eab0f070 .functor BUFT 1, C4<00000000000000000000000011111111>, C4<0>, C4<0>, C4<0>;
v00000249eab0d240_0 .net/2u *"_ivl_42", 31 0, L_00000249eab0f070;  1 drivers
v00000249eab0e1e0_0 .net *"_ivl_44", 0 0, L_00000249eaafc380;  1 drivers
L_00000249eab0f0b8 .functor BUFT 1, C4<11111111>, C4<0>, C4<0>, C4<0>;
v00000249eab0dba0_0 .net/2u *"_ivl_46", 7 0, L_00000249eab0f0b8;  1 drivers
v00000249eab0dd80_0 .net *"_ivl_49", 7 0, L_00000249eaafc920;  1 drivers
v00000249eab0eb40_0 .net *"_ivl_8", 6 0, L_00000249eaafcb00;  1 drivers
v00000249eab0dec0_0 .var "adsr_counter", 15 0;
v00000249eab0de20_0 .net "bpm_brightness_gain", 7 0, L_00000249eaafc600;  alias, 1 drivers
v00000249eab0d1a0_0 .net "bpm_brightness_mult", 23 0, L_00000249eaafc4c0;  alias, 1 drivers
v00000249eab0e8c0 .array "brightness_gain", 0 7, 7 0;
v00000249eab0cfc0_0 .net "clk", 0 0, v00000249eaafcce0_0;  1 drivers
v00000249eab0e3c0_0 .var "cx", 9 0;
v00000249eab0d600_0 .var "cy", 8 0;
v00000249eab0d100_0 .var "diff", 31 0;
v00000249eab0d920 .array "dist_sq", 0 7, 31 0;
v00000249eab0df60_0 .var/s "dx", 15 0;
v00000249eab0e000_0 .var/s "dy", 15 0;
v00000249eab0d060_0 .var "env_brightness_gain", 7 0;
v00000249eab0cca0_0 .var "env_gain", 15 0;
v00000249eab0e460_0 .net "filter_enable", 0 0, v00000249eaafdf00_0;  1 drivers
v00000249eab0e5a0_0 .net "filter_mode", 0 0, v00000249eaafcd80_0;  1 drivers
v00000249eab0e280_0 .net "module_ready", 0 0, L_00000249eaa798e0;  alias, 1 drivers
v00000249eab0ea00_0 .var "next_state", 2 0;
v00000249eab0d2e0_0 .net "output_ready", 0 0, v00000249eaafc560_0;  1 drivers
v00000249eab0d6a0_0 .var "pix_bright_addition", 8 0;
v00000249eab0e320 .array "pix_in", 0 7;
v00000249eab0e320_0 .net v00000249eab0e320 0, 7 0, L_00000249eab678f0; 1 drivers
v00000249eab0e320_1 .net v00000249eab0e320 1, 7 0, L_00000249eab677a0; 1 drivers
v00000249eab0e320_2 .net v00000249eab0e320 2, 7 0, L_00000249eab67030; 1 drivers
v00000249eab0e320_3 .net v00000249eab0e320 3, 7 0, L_00000249eab67ce0; 1 drivers
v00000249eab0e320_4 .net v00000249eab0e320 4, 7 0, L_00000249eab679d0; 1 drivers
v00000249eab0e320_5 .net v00000249eab0e320 5, 7 0, L_00000249eab67110; 1 drivers
v00000249eab0e320_6 .net v00000249eab0e320 6, 7 0, L_00000249eab673b0; 1 drivers
v00000249eab0e320_7 .net v00000249eab0e320 7, 7 0, L_00000249eab67dc0; 1 drivers
v00000249eab0e780 .array "pix_out", 0 7;
v00000249eab0e780_0 .net v00000249eab0e780 0, 7 0, v00000249eaafde60_0; 1 drivers
v00000249eab0e780_1 .net v00000249eab0e780 1, 7 0, v00000249eaafde60_1; 1 drivers
v00000249eab0e780_2 .net v00000249eab0e780 2, 7 0, v00000249eaafde60_2; 1 drivers
v00000249eab0e780_3 .net v00000249eab0e780 3, 7 0, v00000249eaafde60_3; 1 drivers
v00000249eab0e780_4 .net v00000249eab0e780 4, 7 0, v00000249eaafde60_4; 1 drivers
v00000249eab0e780_5 .net v00000249eab0e780 5, 7 0, v00000249eaafde60_5; 1 drivers
v00000249eab0e780_6 .net v00000249eab0e780 6, 7 0, v00000249eaafde60_6; 1 drivers
v00000249eab0e780_7 .net v00000249eab0e780 7, 7 0, v00000249eaafde60_7; 1 drivers
v00000249eab0da60 .array "pixel_x", 0 7;
v00000249eab0da60_0 .net v00000249eab0da60 0, 9 0, L_00000249eab67c00; 1 drivers
v00000249eab0da60_1 .net v00000249eab0da60 1, 9 0, L_00000249eab66fc0; 1 drivers
v00000249eab0da60_2 .net v00000249eab0da60 2, 9 0, L_00000249eab67490; 1 drivers
v00000249eab0da60_3 .net v00000249eab0da60 3, 9 0, L_00000249eab67180; 1 drivers
v00000249eab0da60_4 .net v00000249eab0da60 4, 9 0, L_00000249eab67a40; 1 drivers
v00000249eab0da60_5 .net v00000249eab0da60 5, 9 0, L_00000249eab67500; 1 drivers
v00000249eab0da60_6 .net v00000249eab0da60 6, 9 0, L_00000249eab67ab0; 1 drivers
v00000249eab0da60_7 .net v00000249eab0da60 7, 9 0, L_00000249eab67b20; 1 drivers
v00000249eab0e820_0 .net "pixel_y", 8 0, v00000249eaafd820_0;  1 drivers
v00000249eab0e960_0 .net "pulse_amplitude", 7 0, v00000249eaafd8c0_0;  1 drivers
v00000249eab0d4c0_0 .net "radius", 7 0, L_00000249eaafd960;  1 drivers
v00000249eab0d740_0 .net "radius_sq", 31 0, L_00000249eaafc880;  1 drivers
v00000249eab0d420_0 .net "reset", 0 0, v00000249eaafc420_0;  1 drivers
v00000249eab0d9c0_0 .var "state", 2 0;
v00000249eaafde60 .array "temp_pix_out", 0 7, 7 0;
v00000249eaafca60_0 .var "tick_4ms", 0 0;
v00000249eaafc7e0_0 .var "tick_cnt", 17 0;
v00000249eaafdd20_0 .net "valid_in", 0 0, v00000249eaafc060_0;  1 drivers
v00000249eaafd5a0_0 .net "valid_out", 0 0, L_00000249eaa7a210;  alias, 1 drivers
E_00000249eaa8d2f0 .event posedge, v00000249eab0cfc0_0;
E_00000249eaa8d330 .event anyedge, v00000249eab0d9c0_0, v00000249eaafdd20_0, v00000249eab0e460_0, v00000249eab0dec0_0;
E_00000249eaa8fef0/0 .event anyedge, v00000249eab0e280_0, v00000249eaafdd20_0, v00000249eab0e460_0, v00000249eab0e320_0;
E_00000249eaa8fef0/1 .event anyedge, v00000249eab0e320_1, v00000249eab0e320_2, v00000249eab0e320_3, v00000249eab0e320_4;
E_00000249eaa8fef0/2 .event anyedge, v00000249eab0e320_5, v00000249eab0e320_6, v00000249eab0e320_7, v00000249eab0e8c0_0;
E_00000249eaa8fef0/3 .event anyedge, v00000249eab0e8c0_1, v00000249eab0e8c0_2, v00000249eab0e8c0_3, v00000249eab0e8c0_4;
E_00000249eaa8fef0/4 .event anyedge, v00000249eab0e8c0_5, v00000249eab0e8c0_6, v00000249eab0e8c0_7;
E_00000249eaa8fef0 .event/or E_00000249eaa8fef0/0, E_00000249eaa8fef0/1, E_00000249eaa8fef0/2, E_00000249eaa8fef0/3, E_00000249eaa8fef0/4;
v00000249eab0d920_0 .array/port v00000249eab0d920, 0;
v00000249eab0d920_1 .array/port v00000249eab0d920, 1;
v00000249eab0d920_2 .array/port v00000249eab0d920, 2;
v00000249eab0d920_3 .array/port v00000249eab0d920, 3;
E_00000249eaa8c730/0 .event anyedge, v00000249eab0d920_0, v00000249eab0d920_1, v00000249eab0d920_2, v00000249eab0d920_3;
v00000249eab0d920_4 .array/port v00000249eab0d920, 4;
v00000249eab0d920_5 .array/port v00000249eab0d920, 5;
v00000249eab0d920_6 .array/port v00000249eab0d920, 6;
v00000249eab0d920_7 .array/port v00000249eab0d920, 7;
E_00000249eaa8c730/1 .event anyedge, v00000249eab0d920_4, v00000249eab0d920_5, v00000249eab0d920_6, v00000249eab0d920_7;
E_00000249eaa8c730/2 .event anyedge, v00000249eab0d740_0, v00000249eab0de20_0;
E_00000249eaa8c730 .event/or E_00000249eaa8c730/0, E_00000249eaa8c730/1, E_00000249eaa8c730/2;
E_00000249eaa8c370/0 .event anyedge, v00000249eab0da60_0, v00000249eab0da60_1, v00000249eab0da60_2, v00000249eab0da60_3;
E_00000249eaa8c370/1 .event anyedge, v00000249eab0da60_4, v00000249eab0da60_5, v00000249eab0da60_6, v00000249eab0da60_7;
E_00000249eaa8c370/2 .event anyedge, v00000249eab0e3c0_0, v00000249eab0e820_0, v00000249eab0d600_0;
E_00000249eaa8c370 .event/or E_00000249eaa8c370/0, E_00000249eaa8c370/1, E_00000249eaa8c370/2;
L_00000249eaafcb00 .part v00000249eaafd8c0_0, 1, 7;
L_00000249eaafd960 .concat [ 7 1 0 0], L_00000249eaafcb00, L_00000249eab0ee78;
L_00000249eaafc100 .concat [ 8 24 0 0], L_00000249eaafd960, L_00000249eab0eec0;
L_00000249eaafc2e0 .concat [ 8 24 0 0], L_00000249eaafd960, L_00000249eab0ef08;
L_00000249eaafc880 .arith/mult 32, L_00000249eaafc100, L_00000249eaafc2e0;
L_00000249eaafd0a0 .concat [ 8 24 0 0], v00000249eaafd6e0_0, L_00000249eab0ef50;
L_00000249eaafdbe0 .arith/mult 32, L_00000249eaafd0a0, L_00000249eab0ef98;
L_00000249eaafda00 .part L_00000249eaafdbe0, 8, 24;
L_00000249eaafdc80 .concat [ 24 8 0 0], L_00000249eaafda00, L_00000249eab0efe0;
L_00000249eaafc4c0 .part L_00000249eaafdc80, 0, 24;
L_00000249eaafd780 .concat [ 24 8 0 0], L_00000249eaafc4c0, L_00000249eab0f028;
L_00000249eaafc380 .cmp/gt 32, L_00000249eaafd780, L_00000249eab0f070;
L_00000249eaafc920 .part L_00000249eaafc4c0, 0, 8;
L_00000249eaafc600 .functor MUXZ 8, L_00000249eaafc920, L_00000249eab0f0b8, L_00000249eaafc380, C4<>;
S_00000249eab0c7a0 .scope begin, "$ivl_for_loop0" "$ivl_for_loop0" 4 61, 4 61 0, S_00000249eab0c230;
 .timescale 0 0;
v00000249eaa8b7e0_0 .var/2s "i", 31 0;
S_00000249eab0c930 .scope begin, "$ivl_for_loop1" "$ivl_for_loop1" 4 86, 4 86 0, S_00000249eab0c230;
 .timescale 0 0;
v00000249eaa8b920_0 .var/2s "i", 31 0;
S_00000249eab0cac0 .scope begin, "$ivl_for_loop2" "$ivl_for_loop2" 4 105, 4 105 0, S_00000249eab0c230;
 .timescale 0 0;
v00000249eab0cde0_0 .var/2s "i", 31 0;
S_00000249eaafe420 .scope task, "print_debug" "print_debug" 3 54, 3 54 0, S_00000249eaa69860;
 .timescale -9 -12;
TD_tb_adsr_filter.print_debug ;
    %vpi_call/w 3 55 "$display", "[T=%0t ns] STATE=%0d | env_gain=%0d | adsr_counter=%0d | bpm_brightness_gain=%0d | env_brightness_gain=%0d | bpm_mult=%0d", $time, v00000249eab0d9c0_0, v00000249eab0cca0_0, v00000249eab0dec0_0, v00000249eaafcc40_0, v00000249eaafc240_0, v00000249eaafddc0_0 {0 0 0};
    %end;
    .scope S_00000249eab0c230;
T_1 ;
    %pushi/vec4 320, 0, 10;
    %store/vec4 v00000249eab0e3c0_0, 0, 10;
    %pushi/vec4 240, 0, 9;
    %store/vec4 v00000249eab0d600_0, 0, 9;
    %end;
    .thread T_1;
    .scope S_00000249eab0c230;
T_2 ;
Ewait_0 .event/or E_00000249eaa8c370, E_0x0;
    %wait Ewait_0;
    %fork t_1, S_00000249eab0c7a0;
    %jmp t_0;
    .scope S_00000249eab0c7a0;
t_1 ;
    %pushi/vec4 0, 0, 32;
    %store/vec4 v00000249eaa8b7e0_0, 0, 32;
T_2.0 ;
    %load/vec4 v00000249eaa8b7e0_0;
    %cmpi/s 8, 0, 32;
    %jmp/0xz T_2.1, 5;
    %ix/getv/s 4, v00000249eaa8b7e0_0;
    %load/vec4a v00000249eab0da60, 4;
    %pad/s 16;
    %load/vec4 v00000249eab0e3c0_0;
    %pad/s 16;
    %sub;
    %store/vec4 v00000249eab0df60_0, 0, 16;
    %load/vec4 v00000249eab0e820_0;
    %pad/s 16;
    %load/vec4 v00000249eab0d600_0;
    %pad/s 16;
    %sub;
    %store/vec4 v00000249eab0e000_0, 0, 16;
    %load/vec4 v00000249eab0df60_0;
    %pad/s 32;
    %load/vec4 v00000249eab0df60_0;
    %pad/s 32;
    %mul;
    %load/vec4 v00000249eab0e000_0;
    %pad/s 32;
    %load/vec4 v00000249eab0e000_0;
    %pad/s 32;
    %mul;
    %add;
    %ix/getv/s 4, v00000249eaa8b7e0_0;
    %store/vec4a v00000249eab0d920, 4, 0;
    ; show_stmt_assign_vector: Get l-value for compressed += operand
    %load/vec4 v00000249eaa8b7e0_0;
    %pushi/vec4 1, 0, 32;
    %add;
    %cast2;
    %store/vec4 v00000249eaa8b7e0_0, 0, 32;
    %jmp T_2.0;
T_2.1 ;
    %end;
    .scope S_00000249eab0c230;
t_0 %join;
    %jmp T_2;
    .thread T_2, $push;
    .scope S_00000249eab0c230;
T_3 ;
Ewait_1 .event/or E_00000249eaa8c730, E_0x0;
    %wait Ewait_1;
    %fork t_3, S_00000249eab0c930;
    %jmp t_2;
    .scope S_00000249eab0c930;
t_3 ;
    %pushi/vec4 0, 0, 32;
    %store/vec4 v00000249eaa8b920_0, 0, 32;
T_3.0 ;
    %load/vec4 v00000249eaa8b920_0;
    %cmpi/s 8, 0, 32;
    %jmp/0xz T_3.1, 5;
    %load/vec4 v00000249eab0d740_0;
    %ix/getv/s 4, v00000249eaa8b920_0;
    %load/vec4a v00000249eab0d920, 4;
    %cmp/u;
    %flag_or 5, 4;
    %jmp/0xz  T_3.2, 5;
    %pushi/vec4 0, 0, 8;
    %ix/getv/s 4, v00000249eaa8b920_0;
    %store/vec4a v00000249eab0e8c0, 4, 0;
    %jmp T_3.3;
T_3.2 ;
    %load/vec4 v00000249eab0d740_0;
    %ix/getv/s 4, v00000249eaa8b920_0;
    %load/vec4a v00000249eab0d920, 4;
    %sub;
    %store/vec4 v00000249eab0d100_0, 0, 32;
    %load/vec4 v00000249eab0d100_0;
    %load/vec4 v00000249eab0de20_0;
    %pad/u 32;
    %mul;
    %load/vec4 v00000249eab0d740_0;
    %div;
    %pad/u 8;
    %ix/getv/s 4, v00000249eaa8b920_0;
    %store/vec4a v00000249eab0e8c0, 4, 0;
T_3.3 ;
    ; show_stmt_assign_vector: Get l-value for compressed += operand
    %load/vec4 v00000249eaa8b920_0;
    %pushi/vec4 1, 0, 32;
    %add;
    %cast2;
    %store/vec4 v00000249eaa8b920_0, 0, 32;
    %jmp T_3.0;
T_3.1 ;
    %end;
    .scope S_00000249eab0c230;
t_2 %join;
    %jmp T_3;
    .thread T_3, $push;
    .scope S_00000249eab0c230;
T_4 ;
Ewait_2 .event/or E_00000249eaa8fef0, E_0x0;
    %wait Ewait_2;
    %fork t_5, S_00000249eab0cac0;
    %jmp t_4;
    .scope S_00000249eab0cac0;
t_5 ;
    %pushi/vec4 0, 0, 32;
    %store/vec4 v00000249eab0cde0_0, 0, 32;
T_4.0 ;
    %load/vec4 v00000249eab0cde0_0;
    %cmpi/s 8, 0, 32;
    %jmp/0xz T_4.1, 5;
    %load/vec4 v00000249eab0e280_0;
    %load/vec4 v00000249eaafdd20_0;
    %and;
    %load/vec4 v00000249eab0e460_0;
    %and;
    %flag_set/vec4 8;
    %jmp/0xz  T_4.2, 8;
    %ix/getv/s 4, v00000249eab0cde0_0;
    %load/vec4a v00000249eab0e320, 4;
    %pad/u 9;
    %ix/getv/s 4, v00000249eab0cde0_0;
    %load/vec4a v00000249eab0e8c0, 4;
    %pad/u 9;
    %add;
    %ix/load 4, 1, 0;
    %flag_set/imm 4, 0;
    %shiftr 4;
    %store/vec4 v00000249eab0d6a0_0, 0, 9;
    %load/vec4 v00000249eab0d6a0_0;
    %pad/u 8;
    %ix/getv/s 4, v00000249eab0cde0_0;
    %store/vec4a v00000249eaafde60, 4, 0;
    %jmp T_4.3;
T_4.2 ;
    %ix/getv/s 4, v00000249eab0cde0_0;
    %load/vec4a v00000249eab0e320, 4;
    %ix/getv/s 4, v00000249eab0cde0_0;
    %store/vec4a v00000249eaafde60, 4, 0;
T_4.3 ;
    ; show_stmt_assign_vector: Get l-value for compressed += operand
    %load/vec4 v00000249eab0cde0_0;
    %pushi/vec4 1, 0, 32;
    %add;
    %cast2;
    %store/vec4 v00000249eab0cde0_0, 0, 32;
    %jmp T_4.0;
T_4.1 ;
    %end;
    .scope S_00000249eab0c230;
t_4 %join;
    %jmp T_4;
    .thread T_4, $push;
    .scope S_00000249eab0c230;
T_5 ;
    %wait E_00000249eaa8d2f0;
    %load/vec4 v00000249eab0d420_0;
    %flag_set/vec4 8;
    %jmp/0xz  T_5.0, 8;
    %pushi/vec4 0, 0, 18;
    %assign/vec4 v00000249eaafc7e0_0, 0;
    %pushi/vec4 0, 0, 1;
    %assign/vec4 v00000249eaafca60_0, 0;
    %jmp T_5.1;
T_5.0 ;
    %load/vec4 v00000249eaafc7e0_0;
    %pad/u 32;
    %cmpi/e 199999, 0, 32;
    %jmp/0xz  T_5.2, 4;
    %pushi/vec4 0, 0, 18;
    %assign/vec4 v00000249eaafc7e0_0, 0;
    %pushi/vec4 1, 0, 1;
    %assign/vec4 v00000249eaafca60_0, 0;
    %jmp T_5.3;
T_5.2 ;
    %load/vec4 v00000249eaafc7e0_0;
    %addi 1, 0, 18;
    %assign/vec4 v00000249eaafc7e0_0, 0;
    %pushi/vec4 0, 0, 1;
    %assign/vec4 v00000249eaafca60_0, 0;
T_5.3 ;
T_5.1 ;
    %jmp T_5;
    .thread T_5;
    .scope S_00000249eab0c230;
T_6 ;
Ewait_3 .event/or E_00000249eaa8d330, E_0x0;
    %wait Ewait_3;
    %load/vec4 v00000249eab0d9c0_0;
    %store/vec4 v00000249eab0ea00_0, 0, 3;
    %load/vec4 v00000249eab0d9c0_0;
    %dup/vec4;
    %pushi/vec4 0, 0, 3;
    %cmp/u;
    %jmp/1 T_6.0, 6;
    %dup/vec4;
    %pushi/vec4 1, 0, 3;
    %cmp/u;
    %jmp/1 T_6.1, 6;
    %dup/vec4;
    %pushi/vec4 2, 0, 3;
    %cmp/u;
    %jmp/1 T_6.2, 6;
    %dup/vec4;
    %pushi/vec4 3, 0, 3;
    %cmp/u;
    %jmp/1 T_6.3, 6;
    %dup/vec4;
    %pushi/vec4 4, 0, 3;
    %cmp/u;
    %jmp/1 T_6.4, 6;
    %pushi/vec4 0, 0, 3;
    %store/vec4 v00000249eab0ea00_0, 0, 3;
    %jmp T_6.6;
T_6.0 ;
    %load/vec4 v00000249eaafdd20_0;
    %load/vec4 v00000249eab0e460_0;
    %and;
    %flag_set/vec4 8;
    %jmp/0xz  T_6.7, 8;
    %pushi/vec4 1, 0, 3;
    %store/vec4 v00000249eab0ea00_0, 0, 3;
    %jmp T_6.8;
T_6.7 ;
    %pushi/vec4 0, 0, 3;
    %store/vec4 v00000249eab0ea00_0, 0, 3;
T_6.8 ;
    %jmp T_6.6;
T_6.1 ;
    %load/vec4 v00000249eab0dec0_0;
    %pad/u 32;
    %cmpi/e 256, 0, 32;
    %jmp/0xz  T_6.9, 4;
    %pushi/vec4 2, 0, 3;
    %store/vec4 v00000249eab0ea00_0, 0, 3;
    %jmp T_6.10;
T_6.9 ;
    %pushi/vec4 1, 0, 3;
    %store/vec4 v00000249eab0ea00_0, 0, 3;
T_6.10 ;
    %jmp T_6.6;
T_6.2 ;
    %load/vec4 v00000249eab0dec0_0;
    %pad/u 32;
    %cmpi/e 256, 0, 32;
    %jmp/0xz  T_6.11, 4;
    %pushi/vec4 3, 0, 3;
    %store/vec4 v00000249eab0ea00_0, 0, 3;
    %jmp T_6.12;
T_6.11 ;
    %pushi/vec4 2, 0, 3;
    %store/vec4 v00000249eab0ea00_0, 0, 3;
T_6.12 ;
    %jmp T_6.6;
T_6.3 ;
    %load/vec4 v00000249eab0dec0_0;
    %pad/u 32;
    %cmpi/e 256, 0, 32;
    %jmp/0xz  T_6.13, 4;
    %pushi/vec4 4, 0, 3;
    %store/vec4 v00000249eab0ea00_0, 0, 3;
    %jmp T_6.14;
T_6.13 ;
    %pushi/vec4 3, 0, 3;
    %store/vec4 v00000249eab0ea00_0, 0, 3;
T_6.14 ;
    %jmp T_6.6;
T_6.4 ;
    %load/vec4 v00000249eab0dec0_0;
    %pad/u 32;
    %cmpi/e 256, 0, 32;
    %jmp/0xz  T_6.15, 4;
    %pushi/vec4 0, 0, 3;
    %store/vec4 v00000249eab0ea00_0, 0, 3;
    %jmp T_6.16;
T_6.15 ;
    %pushi/vec4 4, 0, 3;
    %store/vec4 v00000249eab0ea00_0, 0, 3;
T_6.16 ;
    %jmp T_6.6;
T_6.6 ;
    %pop/vec4 1;
    %jmp T_6;
    .thread T_6, $push;
    .scope S_00000249eab0c230;
T_7 ;
    %wait E_00000249eaa8d2f0;
    %load/vec4 v00000249eab0d420_0;
    %flag_set/vec4 8;
    %jmp/0xz  T_7.0, 8;
    %pushi/vec4 0, 0, 3;
    %assign/vec4 v00000249eab0d9c0_0, 0;
    %pushi/vec4 0, 0, 16;
    %assign/vec4 v00000249eab0dec0_0, 0;
    %pushi/vec4 0, 0, 16;
    %assign/vec4 v00000249eab0cca0_0, 0;
    %jmp T_7.1;
T_7.0 ;
    %load/vec4 v00000249eaafca60_0;
    %flag_set/vec4 8;
    %jmp/0xz  T_7.2, 8;
    %load/vec4 v00000249eab0ea00_0;
    %assign/vec4 v00000249eab0d9c0_0, 0;
    %load/vec4 v00000249eab0d9c0_0;
    %dup/vec4;
    %pushi/vec4 1, 0, 3;
    %cmp/u;
    %jmp/1 T_7.4, 6;
    %dup/vec4;
    %pushi/vec4 2, 0, 3;
    %cmp/u;
    %jmp/1 T_7.5, 6;
    %dup/vec4;
    %pushi/vec4 3, 0, 3;
    %cmp/u;
    %jmp/1 T_7.6, 6;
    %dup/vec4;
    %pushi/vec4 4, 0, 3;
    %cmp/u;
    %jmp/1 T_7.7, 6;
    %pushi/vec4 0, 0, 16;
    %assign/vec4 v00000249eab0dec0_0, 0;
    %pushi/vec4 0, 0, 16;
    %assign/vec4 v00000249eab0cca0_0, 0;
    %jmp T_7.9;
T_7.4 ;
    %load/vec4 v00000249eab0dec0_0;
    %addi 1, 0, 16;
    %assign/vec4 v00000249eab0dec0_0, 0;
    %load/vec4 v00000249eab0dec0_0;
    %pad/u 32;
    %muli 255, 0, 32;
    %pushi/vec4 256, 0, 32;
    %div;
    %pad/u 16;
    %assign/vec4 v00000249eab0cca0_0, 0;
    %load/vec4 v00000249eab0dec0_0;
    %pad/u 32;
    %cmpi/e 256, 0, 32;
    %jmp/0xz  T_7.10, 4;
    %pushi/vec4 0, 0, 16;
    %assign/vec4 v00000249eab0dec0_0, 0;
T_7.10 ;
    %jmp T_7.9;
T_7.5 ;
    %load/vec4 v00000249eab0dec0_0;
    %addi 1, 0, 16;
    %assign/vec4 v00000249eab0dec0_0, 0;
    %load/vec4 v00000249eab0dec0_0;
    %pad/u 32;
    %muli 255, 0, 32;
    %pushi/vec4 256, 0, 32;
    %div;
    %pad/u 16;
    %assign/vec4 v00000249eab0cca0_0, 0;
    %load/vec4 v00000249eab0dec0_0;
    %pad/u 32;
    %cmpi/e 256, 0, 32;
    %jmp/0xz  T_7.12, 4;
    %pushi/vec4 0, 0, 16;
    %assign/vec4 v00000249eab0dec0_0, 0;
T_7.12 ;
    %jmp T_7.9;
T_7.6 ;
    %load/vec4 v00000249eab0dec0_0;
    %addi 1, 0, 16;
    %assign/vec4 v00000249eab0dec0_0, 0;
    %load/vec4 v00000249eab0dec0_0;
    %pad/u 32;
    %muli 255, 0, 32;
    %pushi/vec4 256, 0, 32;
    %div;
    %pad/u 16;
    %assign/vec4 v00000249eab0cca0_0, 0;
    %load/vec4 v00000249eab0dec0_0;
    %pad/u 32;
    %cmpi/e 256, 0, 32;
    %jmp/0xz  T_7.14, 4;
    %pushi/vec4 0, 0, 16;
    %assign/vec4 v00000249eab0dec0_0, 0;
T_7.14 ;
    %jmp T_7.9;
T_7.7 ;
    %load/vec4 v00000249eab0dec0_0;
    %addi 1, 0, 16;
    %assign/vec4 v00000249eab0dec0_0, 0;
    %load/vec4 v00000249eab0dec0_0;
    %pad/u 32;
    %muli 255, 0, 32;
    %pushi/vec4 256, 0, 32;
    %div;
    %pad/u 16;
    %assign/vec4 v00000249eab0cca0_0, 0;
    %load/vec4 v00000249eab0dec0_0;
    %pad/u 32;
    %cmpi/e 256, 0, 32;
    %jmp/0xz  T_7.16, 4;
    %pushi/vec4 0, 0, 16;
    %assign/vec4 v00000249eab0dec0_0, 0;
T_7.16 ;
    %jmp T_7.9;
T_7.9 ;
    %pop/vec4 1;
T_7.2 ;
T_7.1 ;
    %jmp T_7;
    .thread T_7;
    .scope S_00000249eaa69860;
T_8 ;
    %delay 10000, 0;
    %load/vec4 v00000249eaafcce0_0;
    %inv;
    %store/vec4 v00000249eaafcce0_0, 0, 1;
    %jmp T_8;
    .thread T_8;
    .scope S_00000249eaa69860;
T_9 ;
    %vpi_call/w 3 62 "$display", "=== Starting ADSR Filter Full Test ===" {0 0 0};
    %pushi/vec4 0, 0, 1;
    %store/vec4 v00000249eaafcce0_0, 0, 1;
    %pushi/vec4 1, 0, 1;
    %store/vec4 v00000249eaafc420_0, 0, 1;
    %pushi/vec4 0, 0, 1;
    %store/vec4 v00000249eaafc060_0, 0, 1;
    %pushi/vec4 1, 0, 1;
    %store/vec4 v00000249eaafc560_0, 0, 1;
    %pushi/vec4 0, 0, 1;
    %store/vec4 v00000249eaafdf00_0, 0, 1;
    %pushi/vec4 0, 0, 1;
    %store/vec4 v00000249eaafcd80_0, 0, 1;
    %pushi/vec4 100, 0, 8;
    %store/vec4 v00000249eaafd6e0_0, 0, 8;
    %pushi/vec4 128, 0, 8;
    %store/vec4 v00000249eaafd8c0_0, 0, 8;
    %pushi/vec4 240, 0, 9;
    %store/vec4 v00000249eaafd820_0, 0, 9;
    %fork t_7, S_00000249eaa699f0;
    %jmp t_6;
    .scope S_00000249eaa699f0;
t_7 ;
    %pushi/vec4 0, 0, 32;
    %store/vec4 v00000249eaa8b740_0, 0, 32;
T_9.0 ;
    %load/vec4 v00000249eaa8b740_0;
    %cmpi/s 8, 0, 32;
    %jmp/0xz T_9.1, 5;
    %pushi/vec4 300, 0, 32;
    %load/vec4 v00000249eaa8b740_0;
    %add;
    %pad/s 10;
    %ix/getv/s 4, v00000249eaa8b740_0;
    %store/vec4a v00000249eaafdb40, 4, 0;
    %load/vec4 v00000249eaa8b740_0;
    %muli 30, 0, 32;
    %pad/s 8;
    %ix/getv/s 4, v00000249eaa8b740_0;
    %store/vec4a v00000249eaafc9c0, 4, 0;
    ; show_stmt_assign_vector: Get l-value for compressed += operand
    %load/vec4 v00000249eaa8b740_0;
    %pushi/vec4 1, 0, 32;
    %add;
    %cast2;
    %store/vec4 v00000249eaa8b740_0, 0, 32;
    %jmp T_9.0;
T_9.1 ;
    %end;
    .scope S_00000249eaa69860;
t_6 %join;
    %delay 100000, 0;
    %pushi/vec4 0, 0, 1;
    %store/vec4 v00000249eaafc420_0, 0, 1;
    %pushi/vec4 10, 0, 32;
T_9.2 %dup/vec4;
    %pushi/vec4 0, 0, 32;
    %cmp/s;
    %jmp/1xz T_9.3, 5;
    %jmp/1 T_9.3, 4;
    %pushi/vec4 1, 0, 32;
    %sub;
    %wait E_00000249eaa8d2f0;
    %jmp T_9.2;
T_9.3 ;
    %pop/vec4 1;
    %fork TD_tb_adsr_filter.print_debug, S_00000249eaafe420;
    %join;
    %vpi_call/w 3 86 "$display", "\012--- Enable Filter (Enter Attack) ---" {0 0 0};
    %pushi/vec4 1, 0, 1;
    %store/vec4 v00000249eaafdf00_0, 0, 1;
    %pushi/vec4 1, 0, 1;
    %store/vec4 v00000249eaafc060_0, 0, 1;
    %pushi/vec4 1000, 0, 32;
T_9.4 %dup/vec4;
    %pushi/vec4 0, 0, 32;
    %cmp/s;
    %jmp/1xz T_9.5, 5;
    %jmp/1 T_9.5, 4;
    %pushi/vec4 1, 0, 32;
    %sub;
    %wait E_00000249eaa8d2f0;
    %jmp T_9.4;
T_9.5 ;
    %pop/vec4 1;
    %fork TD_tb_adsr_filter.print_debug, S_00000249eaafe420;
    %join;
    %vpi_call/w 3 93 "$display", "\012--- Run ADSR Envelope ---" {0 0 0};
    %pushi/vec4 50000, 0, 32;
T_9.6 %dup/vec4;
    %pushi/vec4 0, 0, 32;
    %cmp/s;
    %jmp/1xz T_9.7, 5;
    %jmp/1 T_9.7, 4;
    %pushi/vec4 1, 0, 32;
    %sub;
    %wait E_00000249eaa8d2f0;
    %load/vec4 v00000249eaafca60_0;
    %flag_set/vec4 8;
    %jmp/0xz  T_9.8, 8;
    %fork TD_tb_adsr_filter.print_debug, S_00000249eaafe420;
    %join;
T_9.8 ;
    %jmp T_9.6;
T_9.7 ;
    %pop/vec4 1;
    %vpi_call/w 3 100 "$display", "\012--- PIXEL OUTPUT TEST ---" {0 0 0};
    %vpi_call/w 3 103 "$display", "valid_in=%0b | valid_out=%0b | output_ready=%0b | module_ready=%0b | filter_enable=%0b | BPM_estimate=%0d | pulse_amplitude=%0d", v00000249eaafc060_0, v00000249eaafc1a0_0, v00000249eaafc560_0, v00000249eaafcf60_0, v00000249eaafdf00_0, v00000249eaafd6e0_0, v00000249eaafd8c0_0 {0 0 0};
    %vpi_call/w 3 107 "$write", "pix_in[]               : " {0 0 0};
    %fork t_9, S_00000249eaa69b80;
    %jmp t_8;
    .scope S_00000249eaa69b80;
t_9 ;
    %pushi/vec4 0, 0, 32;
    %store/vec4 v00000249eaa8b060_0, 0, 32;
T_9.10 ;
    %load/vec4 v00000249eaa8b060_0;
    %cmpi/s 8, 0, 32;
    %jmp/0xz T_9.11, 5;
    %vpi_call/w 3 109 "$write", "%0d ", &A<v00000249eaafc9c0, v00000249eaa8b060_0 > {0 0 0};
    ; show_stmt_assign_vector: Get l-value for compressed += operand
    %load/vec4 v00000249eaa8b060_0;
    %pushi/vec4 1, 0, 32;
    %add;
    %cast2;
    %store/vec4 v00000249eaa8b060_0, 0, 32;
    %jmp T_9.10;
T_9.11 ;
    %end;
    .scope S_00000249eaa69860;
t_8 %join;
    %vpi_call/w 3 110 "$display", "\000" {0 0 0};
    %vpi_call/w 3 113 "$write", "Expected pix_out       : " {0 0 0};
    %fork t_11, S_00000249eaa12ce0;
    %jmp t_10;
    .scope S_00000249eaa12ce0;
t_11 ;
    %pushi/vec4 0, 0, 32;
    %store/vec4 v00000249eaa8bba0_0, 0, 32;
T_9.12 ;
    %load/vec4 v00000249eaa8bba0_0;
    %cmpi/s 8, 0, 32;
    %jmp/0xz T_9.13, 5;
    %ix/getv/s 4, v00000249eaa8bba0_0;
    %load/vec4a v00000249eaafc9c0, 4;
    %ix/getv/s 4, v00000249eaa8bba0_0;
    %load/vec4a v00000249eaafcec0, 4;
    %ix/load 4, 1, 0;
    %flag_set/imm 4, 0;
    %shiftr 4;
    %add;
    %ix/load 4, 1, 0;
    %flag_set/imm 4, 0;
    %shiftr 4;
    %vpi_call/w 3 115 "$write", "%0d ", S<0,vec4,u8> {1 0 0};
    ; show_stmt_assign_vector: Get l-value for compressed += operand
    %load/vec4 v00000249eaa8bba0_0;
    %pushi/vec4 1, 0, 32;
    %add;
    %cast2;
    %store/vec4 v00000249eaa8bba0_0, 0, 32;
    %jmp T_9.12;
T_9.13 ;
    %end;
    .scope S_00000249eaa69860;
t_10 %join;
    %vpi_call/w 3 116 "$display", "\000" {0 0 0};
    %vpi_call/w 3 119 "$write", "Actual pix_out         : " {0 0 0};
    %fork t_13, S_00000249eaa12e70;
    %jmp t_12;
    .scope S_00000249eaa12e70;
t_13 ;
    %pushi/vec4 0, 0, 32;
    %store/vec4 v00000249eaa8b1a0_0, 0, 32;
T_9.14 ;
    %load/vec4 v00000249eaa8b1a0_0;
    %cmpi/s 8, 0, 32;
    %jmp/0xz T_9.15, 5;
    %vpi_call/w 3 121 "$write", "%0d ", &A<v00000249eaafd3c0, v00000249eaa8b1a0_0 > {0 0 0};
    ; show_stmt_assign_vector: Get l-value for compressed += operand
    %load/vec4 v00000249eaa8b1a0_0;
    %pushi/vec4 1, 0, 32;
    %add;
    %cast2;
    %store/vec4 v00000249eaa8b1a0_0, 0, 32;
    %jmp T_9.14;
T_9.15 ;
    %end;
    .scope S_00000249eaa69860;
t_12 %join;
    %vpi_call/w 3 122 "$display", "\000" {0 0 0};
    %vpi_call/w 3 125 "$write", "Expected brightness_gain[] : " {0 0 0};
    %fork t_15, S_00000249eaa13000;
    %jmp t_14;
    .scope S_00000249eaa13000;
t_15 ;
    %pushi/vec4 0, 0, 32;
    %store/vec4 v00000249eaa8b9c0_0, 0, 32;
T_9.16 ;
    %load/vec4 v00000249eaa8b9c0_0;
    %cmpi/s 8, 0, 32;
    %jmp/0xz T_9.17, 5;
    %load/vec4 v00000249eaafcc40_0;
    %pad/u 16;
    %load/vec4 v00000249eab0cca0_0;
    %mul;
    %ix/load 4, 8, 0;
    %flag_set/imm 4, 0;
    %shiftr 4;
    %vpi_call/w 3 127 "$write", "%0d ", S<0,vec4,u16> {1 0 0};
    ; show_stmt_assign_vector: Get l-value for compressed += operand
    %load/vec4 v00000249eaa8b9c0_0;
    %pushi/vec4 1, 0, 32;
    %add;
    %cast2;
    %store/vec4 v00000249eaa8b9c0_0, 0, 32;
    %jmp T_9.16;
T_9.17 ;
    %end;
    .scope S_00000249eaa69860;
t_14 %join;
    %vpi_call/w 3 128 "$display", "\000" {0 0 0};
    %vpi_call/w 3 130 "$write", "Actual brightness_gain[]   : " {0 0 0};
    %fork t_17, S_00000249eab0c0a0;
    %jmp t_16;
    .scope S_00000249eab0c0a0;
t_17 ;
    %pushi/vec4 0, 0, 32;
    %store/vec4 v00000249eaa8b2e0_0, 0, 32;
T_9.18 ;
    %load/vec4 v00000249eaa8b2e0_0;
    %cmpi/s 8, 0, 32;
    %jmp/0xz T_9.19, 5;
    %vpi_call/w 3 132 "$write", "%d ", &A<v00000249eaafcec0, v00000249eaa8b2e0_0 > {0 0 0};
    ; show_stmt_assign_vector: Get l-value for compressed += operand
    %load/vec4 v00000249eaa8b2e0_0;
    %pushi/vec4 1, 0, 32;
    %add;
    %cast2;
    %store/vec4 v00000249eaa8b2e0_0, 0, 32;
    %jmp T_9.18;
T_9.19 ;
    %end;
    .scope S_00000249eaa69860;
t_16 %join;
    %vpi_call/w 3 133 "$display", "\000" {0 0 0};
    %load/vec4 v00000249eab0d1a0_0;
    %pad/u 32;
    %cmpi/u 255, 0, 32;
    %flag_or 5, 4; GT is !LE
    %flag_inv 5;
    %flag_mov 8, 5;
    %jmp/0 T_9.20, 8;
    %pushi/vec4 255, 0, 8;
    %jmp/1 T_9.21, 8;
T_9.20 ; End of true expr.
    %load/vec4 v00000249eab0d1a0_0;
    %parti/s 8, 0, 2;
    %jmp/0 T_9.21, 8;
 ; End of false expr.
    %blend;
T_9.21;
    %vpi_call/w 3 136 "$display", "Expected bpm_brightness_gain : %0d", S<0,vec4,u8> {1 0 0};
    %vpi_call/w 3 138 "$display", "Actual   bpm_brightness_gain : %0d", v00000249eaafcc40_0 {0 0 0};
    %load/vec4 v00000249eab0cca0_0;
    %load/vec4 v00000249eaafcc40_0;
    %pad/u 16;
    %mul;
    %ix/load 4, 8, 0;
    %flag_set/imm 4, 0;
    %shiftr 4;
    %vpi_call/w 3 141 "$display", "Expected env_brightness_gain : %0d", S<0,vec4,u16> {1 0 0};
    %load/vec4 v00000249eaafc1a0_0;
    %flag_set/vec4 8;
    %jmp/0 T_9.22, 8;
    %vpi_func 3 142 "$sformatf" 0, "%0d", v00000249eaafc240_0 {0 0 0};
    %pad/u 8;
    %jmp/1 T_9.23, 8;
T_9.22 ; End of true expr.
    %pushi/vec4 120, 0, 8; draw_string_vec4
    %jmp/0 T_9.23, 8;
 ; End of false expr.
    %blend;
T_9.23;
    %vpi_call/w 3 142 "$display", "Actual   env_brightness_gain : %s", S<0,vec4,u8> {1 0 0};
    %load/vec4 v00000249eaafd6e0_0;
    %pad/u 32;
    %muli 327, 0, 32;
    %ix/load 4, 8, 0;
    %flag_set/imm 4, 0;
    %shiftr 4;
    %vpi_call/w 3 145 "$display", "Expected bpm_brightness_mult : %0d", S<0,vec4,u32> {1 0 0};
    %vpi_call/w 3 146 "$display", "Actual   bpm_brightness_mult : %0d", v00000249eaafddc0_0 {0 0 0};
    %vpi_call/w 3 149 "$display", "env_gain=%0d | adsr_counter=%0d | state=%0d | radius=%0d", v00000249eab0cca0_0, v00000249eab0dec0_0, v00000249eab0d9c0_0, v00000249eab0d4c0_0 {0 0 0};
    %vpi_call/w 3 153 "$display", "\012--- BPM CHANGE TEST ---" {0 0 0};
    %pushi/vec4 180, 0, 8;
    %store/vec4 v00000249eaafd6e0_0, 0, 8;
    %pushi/vec4 8000, 0, 32;
T_9.24 %dup/vec4;
    %pushi/vec4 0, 0, 32;
    %cmp/s;
    %jmp/1xz T_9.25, 5;
    %jmp/1 T_9.25, 4;
    %pushi/vec4 1, 0, 32;
    %sub;
    %wait E_00000249eaa8d2f0;
    %jmp T_9.24;
T_9.25 ;
    %pop/vec4 1;
    %fork TD_tb_adsr_filter.print_debug, S_00000249eaafe420;
    %join;
    %vpi_call/w 3 159 "$display", "\012--- AMPLITUDE CHANGE TEST ---" {0 0 0};
    %pushi/vec4 255, 0, 8;
    %store/vec4 v00000249eaafd8c0_0, 0, 8;
    %pushi/vec4 8000, 0, 32;
T_9.26 %dup/vec4;
    %pushi/vec4 0, 0, 32;
    %cmp/s;
    %jmp/1xz T_9.27, 5;
    %jmp/1 T_9.27, 4;
    %pushi/vec4 1, 0, 32;
    %sub;
    %wait E_00000249eaa8d2f0;
    %jmp T_9.26;
T_9.27 ;
    %pop/vec4 1;
    %fork TD_tb_adsr_filter.print_debug, S_00000249eaafe420;
    %join;
    %vpi_call/w 3 165 "$display", "\012--- RESET TEST ---" {0 0 0};
    %pushi/vec4 1, 0, 1;
    %store/vec4 v00000249eaafc420_0, 0, 1;
    %delay 50000, 0;
    %pushi/vec4 0, 0, 1;
    %store/vec4 v00000249eaafc420_0, 0, 1;
    %pushi/vec4 2000, 0, 32;
T_9.28 %dup/vec4;
    %pushi/vec4 0, 0, 32;
    %cmp/s;
    %jmp/1xz T_9.29, 5;
    %jmp/1 T_9.29, 4;
    %pushi/vec4 1, 0, 32;
    %sub;
    %wait E_00000249eaa8d2f0;
    %jmp T_9.28;
T_9.29 ;
    %pop/vec4 1;
    %fork TD_tb_adsr_filter.print_debug, S_00000249eaafe420;
    %join;
    %vpi_call/w 3 170 "$display", "\012=== Test Complete ===" {0 0 0};
    %vpi_call/w 3 171 "$finish" {0 0 0};
    %end;
    .thread T_9;
    .scope S_00000249eaa69860;
T_10 ;
    %vpi_call/w 3 176 "$dumpfile", "adsr_filter_tb.vcd" {0 0 0};
    %vpi_call/w 3 177 "$dumpvars", 32'sb00000000000000000000000000000000, S_00000249eaa69860 {0 0 0};
    %end;
    .thread T_10;
# The file index is used to find the file name in the following table.
:file_names 5;
    "N/A";
    "<interactive>";
    "-";
    "adsr_filter_tb.sv";
    "adsr_filter.sv";
